This is pdfeTeX, Version 3.141592-1.30.4-2.2 (Web2C 7.5.5) (format=pdflatex 2006.6.8)  30 APR 2007 15:42
entering extended mode
\write18 enabled.
**Ethics.tex
(./Ethics.tex
LaTeX2e <2005/12/01>
Babel <v3.8d> and hyphenation patterns for american, french, german, ngerman, d
utch, italian, norsk, portuges, spanish, swedish, nohyphenation, loaded.
(/usr/local/teTeX/share/texmf.local/tex/latex/base/article.cls
Document Class: article 2005/09/16 v1.4f Standard LaTeX document class
(/usr/local/teTeX/share/texmf.local/tex/latex/base/size12.clo
File: size12.clo 2005/09/16 v1.4f Standard LaTeX file (size option)
)
\c@part=\count79
\c@section=\count80
\c@subsection=\count81
\c@subsubsection=\count82
\c@paragraph=\count83
\c@subparagraph=\count84
\c@figure=\count85
\c@table=\count86
\abovecaptionskip=\skip41
\belowcaptionskip=\skip42
\bibindent=\dimen102
)
(/usr/local/teTeX/share/texmf.tetex/tex/latex/geometry/geometry.sty
Package: geometry 2002/07/08 v3.2 Page Geometry

(/usr/local/teTeX/share/texmf.local/tex/latex/graphics/keyval.sty
Package: keyval 1999/03/16 v1.13 key=value parser (DPC)
\KV@toks@=\toks14
)
\Gm@cnth=\count87
\Gm@cntv=\count88
\c@Gm@tempcnt=\count89
\Gm@bindingoffset=\dimen103
\Gm@wd@mp=\dimen104
\Gm@odd@mp=\dimen105
\Gm@even@mp=\dimen106
\Gm@dimlist=\toks15

(/usr/local/teTeX/share/texmf.tetex/tex/latex/geometry/geometry.cfg))
(/usr/local/teTeX/share/texmf.tetex/tex/latex/parskip/parskip.sty
Package: parskip 2001/04/09 non-zero parskip adjustments
)
(/usr/local/teTeX/share/texmf.local/tex/latex/graphics/graphicx.sty
Package: graphicx 1999/02/16 v1.0f Enhanced LaTeX Graphics (DPC,SPQR)

(/usr/local/teTeX/share/texmf.local/tex/latex/graphics/graphics.sty
Package: graphics 2006/02/20 v1.0o Standard LaTeX Graphics (DPC,SPQR)

(/usr/local/teTeX/share/texmf.local/tex/latex/graphics/trig.sty
Package: trig 1999/03/16 v1.09 sin cos tan (DPC)
)
(/usr/local/teTeX/share/texmf.tetex/tex/latex/graphics/graphics.cfg
File: graphics.cfg 2005/02/03 v1.3 graphics configuration of teTeX/TeXLive
)
Package graphics Info: Driver file: pdftex.def on input line 90.

(/usr/local/teTeX/share/texmf.tetex/tex/latex/graphics/pdftex.def
File: pdftex.def 2002/06/19 v0.03k graphics/color for pdftex
\Gread@gobject=\count90
))
\Gin@req@height=\dimen107
\Gin@req@width=\dimen108
)
(/usr/local/teTeX/share/texmf.tetex/tex/latex/amsfonts/amssymb.sty
Package: amssymb 2002/01/22 v2.2d

(/usr/local/teTeX/share/texmf.tetex/tex/latex/amsfonts/amsfonts.sty
Package: amsfonts 2001/10/25 v2.2f
\@emptytoks=\toks16
\symAMSa=\mathgroup4
\symAMSb=\mathgroup5
LaTeX Font Info:    Overwriting math alphabet `\mathfrak' in version `bold'
(Font)                  U/euf/m/n --> U/euf/b/n on input line 132.
))
(/usr/local/teTeX/share/texmf.tetex/tex/latex/oberdiek/epstopdf.sty
Package: epstopdf 2001/02/04 v1.1 Conversion with epstopdf on the fly (HO)
)
(./Ethics.aux (./introduction.aux) (./philosophical.aux) (./bribery.aux)
(./ethics_law.aux) (./making_ethical_choices.aux) (./code_of_ethics.aux)
(./documenting.aux) (./bibliography.aux))
\openout1 = `Ethics.aux'.

LaTeX Font Info:    Checking defaults for OML/cmm/m/it on input line 15.
LaTeX Font Info:    ... okay on input line 15.
LaTeX Font Info:    Checking defaults for T1/cmr/m/n on input line 15.
LaTeX Font Info:    ... okay on input line 15.
LaTeX Font Info:    Checking defaults for OT1/cmr/m/n on input line 15.
LaTeX Font Info:    ... okay on input line 15.
LaTeX Font Info:    Checking defaults for OMS/cmsy/m/n on input line 15.
LaTeX Font Info:    ... okay on input line 15.
LaTeX Font Info:    Checking defaults for OMX/cmex/m/n on input line 15.
LaTeX Font Info:    ... okay on input line 15.
LaTeX Font Info:    Checking defaults for U/cmr/m/n on input line 15.
LaTeX Font Info:    ... okay on input line 15.
-------------------- Geometry parameters
paper: letterpaper
landscape: --
twocolumn: --
twoside: --
asymmetric: --
h-parts: 92.14519pt, 0.7\paperwidth , 92.14519pt (default)
v-parts: 95.39737pt, 0.7\paperheight , 143.09605pt (default)
hmarginratio: 1:1
vmarginratio: 2:3
lines: --
heightrounded: --
bindingoffset: 0.0pt
truedimen: --
includehead: --
includefoot: --
includemp: --
driver: pdftex
-------------------- Page layout dimensions and switches
\paperwidth  614.295pt
\paperheight 794.96999pt
\textwidth  430.00462pt
\textheight 556.47656pt
\oddsidemargin  19.8752pt
\evensidemargin 19.8752pt
\topmargin  -13.87262pt
\headheight 12.0pt
\headsep    25.0pt
\footskip   30.0pt
\marginparwidth 44.0pt
\marginparsep   10.0pt
\columnsep  10.0pt
\skip\footins  10.8pt plus 4.0pt minus 2.0pt
\hoffset 0.0pt
\voffset 0.0pt
\mag 1000

(1in=72.27pt, 1cm=28.45pt)
-----------------------

(/usr/local/teTeX/share/texmf.local/tex/context/base/supp-pdf.tex
(/usr/local/teTeX/share/texmf.local/tex/context/base/supp-mis.tex
loading : Context Support Macros / Miscellaneous (2004.10.26)
\protectiondepth=\count91
\scratchcounter=\count92
\scratchtoks=\toks17
\scratchdimen=\dimen109
\scratchskip=\skip43
\scratchmuskip=\muskip10
\scratchbox=\box26
\scratchread=\read1
\scratchwrite=\write3
\zeropoint=\dimen110
\onepoint=\dimen111
\onebasepoint=\dimen112
\minusone=\count93
\thousandpoint=\dimen113
\onerealpoint=\dimen114
\emptytoks=\toks18
\nextbox=\box27
\nextdepth=\dimen115
\everyline=\toks19
\!!counta=\count94
\!!countb=\count95
\recursecounter=\count96
)
loading : Context Support Macros / PDF (2004.03.26)
\nofMPsegments=\count97
\nofMParguments=\count98
\MPscratchCnt=\count99
\MPscratchDim=\dimen116
\MPnumerator=\count100
\everyMPtoPDFconversion=\toks20
)
LaTeX Font Info:    Try loading font information for U+msa on input line 16.
 (/usr/local/teTeX/share/texmf.tetex/tex/latex/amsfonts/umsa.fd
File: umsa.fd 2002/01/19 v2.2g AMS font definitions
)
LaTeX Font Info:    Try loading font information for U+msb on input line 16.

(/usr/local/teTeX/share/texmf.tetex/tex/latex/amsfonts/umsb.fd
File: umsb.fd 2002/01/19 v2.2g AMS font definitions
) [1

{/usr/local/teTeX/share/texmf.local/fonts/map/pdftex/updmap/pdftex.map}]
\openout2 = `introduction.aux'.

 (./introduction.tex) [2

]
\openout2 = `philosophical.aux'.

 (./philosophical.tex [3


] [4]
<./figures/CarlsDilemma.pdf, id=35, 247.67531pt x 287.57437pt>
File: ./figures/CarlsDilemma.pdf Graphic file (type pdf)

<use ./figures/CarlsDilemma.pdf>

LaTeX Warning: `!h' float specifier changed to `!ht'.

) [5] [6 <./figures/CarlsDilemma.pdf>]
\openout2 = `bribery.aux'.

 (./bribery.tex
<./figures/soul_for_a_donut.pdf, id=52, 602.25pt x 207.77625pt>
File: ./figures/soul_for_a_donut.pdf Graphic file (type pdf)

<use ./figures/soul_for_a_donut.pdf> [7


 <./figures/soul_for_a_donut.pdf>])
[8]
\openout2 = `ethics_law.aux'.

 (./ethics_law.tex
<./figures/ethics_and_law.pdf, id=67, 206.6922pt x 254.8722pt>
File: ./figures/ethics_and_law.pdf Graphic file (type pdf)

<use ./figures/ethics_and_law.pdf>
<./figures/ethics_or_business.pdf, id=68, 200.42879pt x 257.76299pt>
File: ./figures/ethics_or_business.pdf Graphic file (type pdf)

<use ./figures/ethics_or_business.pdf>) [9


] [10 <./figures/ethics_and_law.pdf>] [11 <./figures/ethics_or_business.pdf>]
\openout2 = `making_ethical_choices.aux'.

 (./making_ethical_choices.tex
<./figures/DrZook.pdf, id=92, 711.15688pt x 227.60031pt>
File: ./figures/DrZook.pdf Graphic file (type pdf)

<use ./figures/DrZook.pdf>
<./figures/Poop_on_car_ethics.pdf, id=93, 219.7008pt x 267.8808pt>
File: ./figures/Poop_on_car_ethics.pdf Graphic file (type pdf)

<use ./figures/Poop_on_car_ethics.pdf>

LaTeX Warning: `!h' float specifier changed to `!ht'.

[12


 <./figures/DrZook.pdf>] [13 <./figures/Poop_on_car_ethics.pdf>]
Missing character: There is no Ò in font cmr12!
Missing character: There is no Ó in font cmr12!
Missing character: There is no Õ in font cmr12!
Missing character: There is no Ò in font cmr12!
Missing character: There is no Ó in font cmr12!
 [14]
<./figures/IP_ethics.pdf, id=121, 429.76561pt x 144.54pt>
File: ./figures/IP_ethics.pdf Graphic file (type pdf)

<use ./figures/IP_ethics.pdf>) [15 <./figures/IP_ethics.pdf>]
\openout2 = `code_of_ethics.aux'.


(./code_of_ethics.tex
Missing character: There is no Ò in font cmr12!
Missing character: There is no Ó in font cmr12!
Missing character: There is no Õ in font cmr12!
 [16


]
LaTeX Font Info:    Try loading font information for OMS+cmr on input line 17.

(/usr/local/teTeX/share/texmf.local/tex/latex/base/omscmr.fd
File: omscmr.fd 1999/05/25 v2.5h Standard LaTeX font definitions
)
LaTeX Font Info:    Font shape `OMS/cmr/m/n' in size <12> not available
(Font)              Font shape `OMS/cmsy/m/n' tried instead on input line 17.
 [17]
Missing character: There is no Õ in font cmr12!
 [18]
Missing character: There is no Ò in font cmr12!
Missing character: There is no Ó in font cmr12!
Missing character: There is no Õ in font cmr12!

[19]
Missing character: There is no Õ in font cmr12!
Missing character: There is no Õ in font cmr12!
) [20]
\openout2 = `documenting.aux'.

 (./documenting.tex) [21


]
\openout2 = `bibliography.aux'.

 (./bibliography.tex
Overfull \hbox (12.49481pt too wide) in paragraph at lines 14--15
[]\OT1/cmr/m/n/12 Locke, John, 1689. An es-say con-cern-ing hu-man un-der-stand
-ing (in pub-lic do-main). 
 []


Overfull \hbox (1.89923pt too wide) in paragraph at lines 36--37
[]\OT1/cmr/m/n/12 http://www.creators.com/comics/rubes.html?comicname=rub (Sour
ce for Rubes im-
 []

) [22


] (./Ethics.aux (./introduction.aux) (./philosophical.aux) (./bribery.aux) (./e
thics_law.aux) (./making_ethical_choices.aux) (./code_of_ethics.aux)
(./documenting.aux) (./bibliography.aux)) ) 
Here is how much of TeX's memory you used:
 1689 strings out of 95125
 22770 string characters out of 1182970
 2066434 words of memory out of 4521187
 4791 multiletter control sequences out of 10000+50000
 14064 words of font info for 54 fonts, out of 2000000 for 2000
 58 hyphenation exceptions out of 5000
 28i,8n,24p,1041b,276s stack positions out of 5000i,500n,6000p,200000b,40000s
PDF statistics:
 159 PDF objects out of 300000
 0 named destinations out of 131072
 36 words of extra memory for PDF output out of 10000
</usr/local/teTeX/share/texmf.tetex/
fonts/type1/bluesky/cm/cmmi12.pfb></usr/local/teTeX/share/texmf.tetex/fonts/typ
e1/bluesky/cm/cmsy10.pfb></usr/local/teTeX/share/texmf.tetex/fonts/type1/bluesk
y/cm/cmti12.pfb></usr/local/teTeX/share/texmf.tetex/fonts/type1/bluesky/cm/cmbx
10.pfb></usr/local/teTeX/share/texmf.tetex/fonts/type1/bluesky/cm/cmsl12.pfb></
usr/local/teTeX/share/texmf.tetex/fonts/type1/bluesky/cm/cmr10.pfb></usr/local/
teTeX/share/texmf.tetex/fonts/type1/bluesky/cm/cmr7.pfb></usr/local/teTeX/share
/texmf.tetex/fonts/type1/bluesky/cm/cmr8.pfb></usr/local/teTeX/share/texmf.tete
x/fonts/type1/bluesky/cm/cmbx12.pfb></usr/local/teTeX/share/texmf.tetex/fonts/t
ype1/bluesky/cm/cmr12.pfb></usr/local/teTeX/share/texmf.tetex/fonts/type1/blues
ky/cm/cmr17.pfb>
Output written on Ethics.pdf (22 pages, 2294344 bytes).
